<?xml version="1.0" encoding="UTF-8"?>
<testng-results ignored="0" total="1" passed="1" failed="0" skipped="0">
  <reporter-output>
  </reporter-output>
  <suite started-at="2026-03-24T10:05:01 IST" name="Default suite" finished-at="2026-03-24T10:05:10 IST" duration-ms="8874">
    <groups>
    </groups>
    <test started-at="2026-03-24T10:05:01 IST" name="Default test" finished-at="2026-03-24T10:05:10 IST" duration-ms="8874">
      <class name="PracticeWebAutomation.FileHandling.Filetest">
        <test-method signature="naviagteHomePage()[pri:0, instance:PracticeWebAutomation.FileHandling.Filetest@40a4337a]" started-at="2026-03-24T10:05:01 IST" name="naviagteHomePage" finished-at="2026-03-24T10:05:10 IST" duration-ms="8835" status="PASS">
          <reporter-output>
          </reporter-output>
        </test-method> <!-- naviagteHomePage -->
      </class> <!-- PracticeWebAutomation.FileHandling.Filetest -->
    </test> <!-- Default test -->
  </suite> <!-- Default suite -->
</testng-results>
