<?xml version="1.0" encoding="UTF-8"?>
<testng-results ignored="0" total="3" passed="3" failed="0" skipped="0">
  <reporter-output>
  </reporter-output>
  <suite started-at="2026-05-15T11:56:28 IST" name="Default suite" finished-at="2026-05-15T11:56:30 IST" duration-ms="2757">
    <groups>
      <group name="regression">
        <method signature="GetAPITest.validateLocation()[pri:0, instance:APIValidation.APIPractice.GetAPITest@41d477ed]" name="validateLocation" class="APIValidation.APIPractice.GetAPITest"/>
        <method signature="GetAPITest.validateStatuscode()[pri:0, instance:APIValidation.APIPractice.GetAPITest@41d477ed]" name="validateStatuscode" class="APIValidation.APIPractice.GetAPITest"/>
      </group> <!-- regression -->
      <group name="smoke">
        <method signature="GetAPITest.validateLocation()[pri:0, instance:APIValidation.APIPractice.GetAPITest@41d477ed]" name="validateLocation" class="APIValidation.APIPractice.GetAPITest"/>
        <method signature="GetAPITest.validateStatuscode()[pri:0, instance:APIValidation.APIPractice.GetAPITest@41d477ed]" name="validateStatuscode" class="APIValidation.APIPractice.GetAPITest"/>
        <method signature="GetAPITest.validateURL()[pri:0, instance:APIValidation.APIPractice.GetAPITest@41d477ed]" name="validateURL" class="APIValidation.APIPractice.GetAPITest"/>
      </group> <!-- smoke -->
    </groups>
    <test started-at="2026-05-15T11:56:28 IST" name="Default test" finished-at="2026-05-15T11:56:30 IST" duration-ms="2757">
      <class name="APIValidation.APIPractice.GetAPITest">
        <test-method is-config="true" signature="Setup()[pri:0, instance:APIValidation.APIPractice.GetAPITest@41d477ed]" started-at="2026-05-15T11:56:27 IST" name="Setup" finished-at="2026-05-15T11:56:28 IST" duration-ms="289" status="PASS">
          <reporter-output>
          </reporter-output>
        </test-method> <!-- Setup -->
        <test-method signature="validateLocation()[pri:0, instance:APIValidation.APIPractice.GetAPITest@41d477ed]" started-at="2026-05-15T11:56:28 IST" name="validateLocation" finished-at="2026-05-15T11:56:30 IST" duration-ms="2252" status="PASS">
          <reporter-output>
          </reporter-output>
        </test-method> <!-- validateLocation -->
        <test-method signature="validateStatuscode()[pri:0, instance:APIValidation.APIPractice.GetAPITest@41d477ed]" started-at="2026-05-15T11:56:30 IST" name="validateStatuscode" finished-at="2026-05-15T11:56:30 IST" duration-ms="238" status="PASS">
          <reporter-output>
          </reporter-output>
        </test-method> <!-- validateStatuscode -->
        <test-method signature="validateURL()[pri:0, instance:APIValidation.APIPractice.GetAPITest@41d477ed]" started-at="2026-05-15T11:56:30 IST" name="validateURL" finished-at="2026-05-15T11:56:30 IST" duration-ms="215" status="PASS">
          <reporter-output>
          </reporter-output>
        </test-method> <!-- validateURL -->
      </class> <!-- APIValidation.APIPractice.GetAPITest -->
    </test> <!-- Default test -->
  </suite> <!-- Default suite -->
</testng-results>
