<?xml version="1.0" encoding="UTF-8"?>
<!-- Generated by org.testng.reporters.JUnitXMLReporter -->
<testsuite ignored="0" hostname="LT209953" failures="1" tests="2" name="Cart Smoke Tests" time="74.95" errors="0" timestamp="2026-04-29T10:47:49 IST">
  <testcase classname="AutomationExcercise.Carttest" name="verifyCartDescription" time="25.358">
    <failure type="java.lang.AssertionError" message="expected:&amp;lt;6&amp;gt; but was:&amp;lt;2&amp;gt;">
      <![CDATA[java.lang.AssertionError: expected:<6> but was:<2>
at AutomationExcercise.Carttest.verifyCartDescription(Carttest.java:24)
at java.base/java.util.ArrayList.forEach(ArrayList.java:1596)
... Removed 27 stack frames]]>
    </failure>
  </testcase> <!-- verifyCartDescription -->
  <testcase classname="AutomationExcercise.Carttest" name="verifyCheckoutProcess" time="32.931"/>
</testsuite> <!-- Cart Smoke Tests -->
