<?xml version="1.0" encoding="UTF-8"?>
<!-- Generated by org.testng.reporters.JUnitXMLReporter -->
<testsuite ignored="1" hostname="LAPTOP-069GHPPB" failures="0" tests="5" name="Login Smoke Tests" time="62.129" errors="0" timestamp="2026-05-12T11:03:09 IST">
  <testcase classname="AutomationExcercise.Logintest" name="verifyHomepage" time="0.039"/>
  <testcase classname="AutomationExcercise.Logintest" name="verifyUserSignUp" time="11.452"/>
  <testcase classname="AutomationExcercise.Logintest" name="verifyExistingEmail" time="4.56"/>
  <testcase classname="AutomationExcercise.Logintest" name="verifyLogin" time="3.321"/>
  <testcase classname="AutomationExcercise.Logintest" name="verifyDeleteAccount" time="8.512"/>
  <testcase classname="AutomationExcercise.Logintest" name="verifyinvalidLogin" time="0.0">
    <ignored/>
  </testcase> <!-- verifyinvalidLogin -->
</testsuite> <!-- Login Smoke Tests -->
