<?xml version="1.0" encoding="UTF-8"?>
<!-- Generated by org.testng.reporters.JUnitXMLReporter -->
<testsuite ignored="3" hostname="LT209953" failures="11" tests="11" name="Smoke Tests" time="0.142" errors="0" timestamp="2026-04-28T21:27:30 IST">
  <testcase classname="AutomationExcercise.Logintest" name="verifyHomepage" time="0.015">
    <failure type="java.lang.NullPointerException" message="Cannot invoke &amp;quot;AutomationExcercise.Loginpage.getHomepageTitle()&amp;quot; because &amp;quot;this.loginpage&amp;quot; is null">
      <![CDATA[java.lang.NullPointerException: Cannot invoke "AutomationExcercise.Loginpage.getHomepageTitle()" because "this.loginpage" is null
at AutomationExcercise.Logintest.verifyHomepage(Logintest.java:50)
at java.base/java.util.ArrayList.forEach(ArrayList.java:1596)
... Removed 25 stack frames]]>
    </failure>
  </testcase> <!-- verifyHomepage -->
  <testcase classname="AutomationExcercise.Logintest" name="verifyLogin" time="0.005">
    <failure type="java.lang.NullPointerException" message="Cannot invoke &amp;quot;AutomationExcercise.Loginpage.checkLogin(String, String)&amp;quot; because &amp;quot;this.loginpage&amp;quot; is null">
      <![CDATA[java.lang.NullPointerException: Cannot invoke "AutomationExcercise.Loginpage.checkLogin(String, String)" because "this.loginpage" is null
at AutomationExcercise.Logintest.verifyLogin(Logintest.java:80)
at java.base/java.util.ArrayList.forEach(ArrayList.java:1596)
... Removed 25 stack frames]]>
    </failure>
  </testcase> <!-- verifyLogin -->
  <testcase classname="AutomationExcercise.Logintest" name="verifyDeleteAccount" time="0.001">
    <failure type="java.lang.NullPointerException" message="Cannot invoke &amp;quot;AutomationExcercise.Loginpage.checkDeleteAccount(String, String)&amp;quot; because &amp;quot;this.loginpage&amp;quot; is null">
      <![CDATA[java.lang.NullPointerException: Cannot invoke "AutomationExcercise.Loginpage.checkDeleteAccount(String, String)" because "this.loginpage" is null
at AutomationExcercise.Logintest.verifyDeleteAccount(Logintest.java:86)
at java.base/java.util.ArrayList.forEach(ArrayList.java:1596)
... Removed 25 stack frames]]>
    </failure>
  </testcase> <!-- verifyDeleteAccount -->
  <testcase classname="AutomationExcercise.Hometest" name="verifyTestCasesLink" time="0.005">
    <failure type="java.lang.NullPointerException" message="Cannot invoke &amp;quot;AutomationExcercise.Loginpage.checkLogin(String, String)&amp;quot; because &amp;quot;this.loginpage&amp;quot; is null">
      <![CDATA[java.lang.NullPointerException: Cannot invoke "AutomationExcercise.Loginpage.checkLogin(String, String)" because "this.loginpage" is null
at AutomationExcercise.Hometest.verifyTestCasesLink(Hometest.java:12)
at java.base/java.util.ArrayList.forEach(ArrayList.java:1596)
... Removed 25 stack frames]]>
    </failure>
  </testcase> <!-- verifyTestCasesLink -->
  <testcase classname="AutomationExcercise.Hometest" name="verifyProductLink" time="0.002">
    <failure type="java.lang.NullPointerException" message="Cannot invoke &amp;quot;AutomationExcercise.Loginpage.checkLogin(String, String)&amp;quot; because &amp;quot;this.loginpage&amp;quot; is null">
      <![CDATA[java.lang.NullPointerException: Cannot invoke "AutomationExcercise.Loginpage.checkLogin(String, String)" because "this.loginpage" is null
at AutomationExcercise.Hometest.verifyProductLink(Hometest.java:20)
at java.base/java.util.ArrayList.forEach(ArrayList.java:1596)
... Removed 25 stack frames]]>
    </failure>
  </testcase> <!-- verifyProductLink -->
  <testcase classname="AutomationExcercise.Producttest" name="verifyAllProductsPage" time="0.001">
    <failure type="java.lang.NullPointerException" message="Cannot invoke &amp;quot;AutomationExcercise.Loginpage.checkLogin(String, String)&amp;quot; because &amp;quot;this.loginpage&amp;quot; is null">
      <![CDATA[java.lang.NullPointerException: Cannot invoke "AutomationExcercise.Loginpage.checkLogin(String, String)" because "this.loginpage" is null
at AutomationExcercise.Producttest.verifyAllProductsPage(Producttest.java:17)
at java.base/java.util.ArrayList.forEach(ArrayList.java:1596)
... Removed 25 stack frames]]>
    </failure>
  </testcase> <!-- verifyAllProductsPage -->
  <testcase classname="AutomationExcercise.Producttest" name="searchProduct" time="0.001">
    <failure type="java.lang.NullPointerException" message="Cannot invoke &amp;quot;AutomationExcercise.Loginpage.checkLogin(String, String)&amp;quot; because &amp;quot;this.loginpage&amp;quot; is null">
      <![CDATA[java.lang.NullPointerException: Cannot invoke "AutomationExcercise.Loginpage.checkLogin(String, String)" because "this.loginpage" is null
at AutomationExcercise.Producttest.searchProduct(Producttest.java:26)
at java.base/java.util.ArrayList.forEach(ArrayList.java:1596)
... Removed 25 stack frames]]>
    </failure>
  </testcase> <!-- searchProduct -->
  <testcase classname="AutomationExcercise.Producttest" name="verifyClickProductByName" time="0.003">
    <failure type="java.lang.NullPointerException" message="Cannot invoke &amp;quot;AutomationExcercise.Loginpage.checkLogin(String, String)&amp;quot; because &amp;quot;this.loginpage&amp;quot; is null">
      <![CDATA[java.lang.NullPointerException: Cannot invoke "AutomationExcercise.Loginpage.checkLogin(String, String)" because "this.loginpage" is null
at AutomationExcercise.Producttest.verifyClickProductByName(Producttest.java:36)
at java.base/java.util.ArrayList.forEach(ArrayList.java:1596)
... Removed 25 stack frames]]>
    </failure>
  </testcase> <!-- verifyClickProductByName -->
  <testcase classname="AutomationExcercise.Producttest" name="verifyProductAddedToCart" time="0.002">
    <failure type="java.lang.NullPointerException" message="Cannot invoke &amp;quot;AutomationExcercise.Loginpage.checkLogin(String, String)&amp;quot; because &amp;quot;this.loginpage&amp;quot; is null">
      <![CDATA[java.lang.NullPointerException: Cannot invoke "AutomationExcercise.Loginpage.checkLogin(String, String)" because "this.loginpage" is null
at AutomationExcercise.Producttest.verifyProductAddedToCart(Producttest.java:44)
at java.base/java.util.ArrayList.forEach(ArrayList.java:1596)
... Removed 25 stack frames]]>
    </failure>
  </testcase> <!-- verifyProductAddedToCart -->
  <testcase classname="AutomationExcercise.Carttest" name="verifyCartDescription" time="0.001">
    <failure type="java.lang.NullPointerException" message="Cannot invoke &amp;quot;AutomationExcercise.Loginpage.checkLogin(String, String)&amp;quot; because &amp;quot;this.loginpage&amp;quot; is null">
      <![CDATA[java.lang.NullPointerException: Cannot invoke "AutomationExcercise.Loginpage.checkLogin(String, String)" because "this.loginpage" is null
at AutomationExcercise.Carttest.verifyCartDescription(Carttest.java:17)
at java.base/java.util.ArrayList.forEach(ArrayList.java:1596)
... Removed 25 stack frames]]>
    </failure>
  </testcase> <!-- verifyCartDescription -->
  <testcase classname="AutomationExcercise.Carttest" name="verifyCheckoutProcess" time="0.002">
    <failure type="java.lang.NullPointerException" message="Cannot invoke &amp;quot;AutomationExcercise.Loginpage.checkLogin(String, String)&amp;quot; because &amp;quot;this.loginpage&amp;quot; is null">
      <![CDATA[java.lang.NullPointerException: Cannot invoke "AutomationExcercise.Loginpage.checkLogin(String, String)" because "this.loginpage" is null
at AutomationExcercise.Carttest.verifyCheckoutProcess(Carttest.java:31)
at java.base/java.util.ArrayList.forEach(ArrayList.java:1596)
... Removed 25 stack frames]]>
    </failure>
  </testcase> <!-- verifyCheckoutProcess -->
  <testcase classname="AutomationExcercise.Logintest" name="verifyUserSignUp" time="0.0">
    <ignored/>
  </testcase> <!-- verifyUserSignUp -->
  <testcase classname="AutomationExcercise.Logintest" name="verifyExistingEmail" time="0.0">
    <ignored/>
  </testcase> <!-- verifyExistingEmail -->
  <testcase classname="AutomationExcercise.Logintest" name="verifyinvalidLogin" time="0.0">
    <ignored/>
  </testcase> <!-- verifyinvalidLogin -->
</testsuite> <!-- Smoke Tests -->
