<?xml version="1.0" encoding="UTF-8"?>
<!-- Generated by org.testng.reporters.JUnitReportReporter -->
<testsuite hostname="LAPTOP-069GHPPB" failures="0" tests="3" name="APIValidation.APIPractice.GetAPITest" time="2.705" errors="0" timestamp="2026-05-15T11:56:30 IST" skipped="0">
  <testcase classname="APIValidation.APIPractice.GetAPITest" name="validateStatuscode" time="0.238"/>
  <testcase classname="APIValidation.APIPractice.GetAPITest" name="validateLocation" time="2.252"/>
  <testcase classname="APIValidation.APIPractice.GetAPITest" name="validateURL" time="0.215"/>
</testsuite> <!-- APIValidation.APIPractice.GetAPITest -->
