<?xml version="1.0" encoding="UTF-8"?>
<!-- Generated by org.testng.reporters.JUnitXMLReporter -->
<testsuite ignored="1" hostname="LAPTOP-069GHPPB" failures="0" tests="3" name="UserTest" time="2.094" errors="0" timestamp="2026-05-12T15:50:45 IST">
  <testcase classname="APIValidation.APIPractice.GetAPITest" name="validateLocation" time="1.88"/>
  <testcase classname="APIValidation.APIPractice.GetAPITest" name="validateStatuscode" time="0.1"/>
  <testcase classname="APIValidation.APIPractice.GetAPITest" name="validateURL" time="0.067"/>
  <testcase classname="APIValidation.APIPractice.BaseTest" name="getBaseUrl" time="0.0">
    <ignored/>
  </testcase> <!-- getBaseUrl -->
</testsuite> <!-- UserTest -->
