<?xml version="1.0" encoding="UTF-8"?>
<!-- Generated by org.testng.reporters.JUnitXMLReporter -->
<testsuite ignored="0" hostname="LAPTOP-069GHPPB" failures="0" tests="3" name="Default test" time="2.757" errors="0" timestamp="2026-05-15T11:56:30 IST">
  <testcase classname="APIValidation.APIPractice.GetAPITest" name="validateLocation" time="2.252"/>
  <testcase classname="APIValidation.APIPractice.GetAPITest" name="validateStatuscode" time="0.238"/>
  <testcase classname="APIValidation.APIPractice.GetAPITest" name="validateURL" time="0.215"/>
</testsuite> <!-- Default test -->
