<?xml version="1.0" encoding="UTF-8"?>
<!-- Generated by org.testng.reporters.JUnitXMLReporter -->
<testsuite ignored="0" hostname="LT209953" failures="0" tests="3" name="Test" time="141.46" errors="0" timestamp="2025-08-13T10:18:01 IST">
  <testcase classname="DriveAPI.AutomateDriveAPITest" name="skipRatingsPage" time="39.423"/>
  <testcase classname="DriveAPI.AutomateDriveAPITest" name="testFeedbackFlow" time="50.57"/>
  <testcase classname="DriveAPI.AutomateDriveAPITest" name="testRatingsFlow" time="51.398"/>
</testsuite> <!-- Test -->
