<?xml version="1.0" encoding="UTF-8"?>
<!-- Generated by org.testng.reporters.JUnitReportReporter -->
<testsuite hostname="LT209953" failures="0" tests="2" name="AutomationExcercise.Hometest" time="35.066" errors="0" timestamp="2026-04-20T13:44:27 IST" skipped="0">
  <testcase classname="AutomationExcercise.Hometest" name="verifyTestCasesLink" time="20.809"/>
  <testcase classname="AutomationExcercise.Hometest" name="verifyProductLink" time="14.257"/>
</testsuite> <!-- AutomationExcercise.Hometest -->
