<?xml version="1.0" encoding="UTF-8"?>
<!-- Generated by org.testng.reporters.JUnitReportReporter -->
<testsuite hostname="LAPTOP-069GHPPB" failures="0" tests="2" name="AutomationExcercise.Hometest" time="28.826" errors="0" timestamp="2026-05-12T11:05:58 IST" skipped="0">
  <testcase classname="AutomationExcercise.Hometest" name="verifyTestCasesLink" time="15.361"/>
  <testcase classname="AutomationExcercise.Hometest" name="verifyProductLink" time="13.465"/>
</testsuite> <!-- AutomationExcercise.Hometest -->
