<?xml version="1.0" encoding="UTF-8"?>
<!-- Generated by org.testng.reporters.JUnitReportReporter -->
<testsuite hostname="LAPTOP-069GHPPB" failures="0" tests="4" name="AutomationExcercise.Producttest" time="100.706" errors="0" timestamp="2026-05-06T17:52:45 IST" skipped="0">
  <testcase classname="AutomationExcercise.Producttest" name="verifyAllProductsPage" time="11.235"/>
  <testcase classname="AutomationExcercise.Producttest" name="searchProduct" time="13.655"/>
  <testcase classname="AutomationExcercise.Producttest" name="verifyClickProductByName" time="37.000"/>
  <testcase classname="AutomationExcercise.Producttest" name="verifyProductAddedToCart" time="38.816"/>
</testsuite> <!-- AutomationExcercise.Producttest -->
