<?xml version="1.0" encoding="UTF-8"?>
<!-- Generated by org.testng.reporters.JUnitReportReporter -->
<testsuite hostname="LT209953" failures="0" tests="4" name="AutomationExcercise.Producttest" time="158.046" errors="0" timestamp="2026-04-20T13:53:08 IST" skipped="0">
  <testcase classname="AutomationExcercise.Producttest" name="verifyAllProductsPage" time="28.417"/>
  <testcase classname="AutomationExcercise.Producttest" name="searchProduct" time="24.594"/>
  <testcase classname="AutomationExcercise.Producttest" name="verifyClickProductByName" time="52.290"/>
  <testcase classname="AutomationExcercise.Producttest" name="verifyProductAddedToCart" time="52.745"/>
</testsuite> <!-- AutomationExcercise.Producttest -->
