<?xml version="1.0" encoding="UTF-8"?>
<!-- Generated by org.testng.reporters.JUnitReportReporter -->
<testsuite hostname="LAPTOP-069GHPPB" failures="0" tests="5" name="AutomationExcercise.Logintest" time="62.060" errors="0" timestamp="2026-05-12T11:05:58 IST" skipped="0">
  <testcase classname="AutomationExcercise.Logintest" name="verifyHomepage" time="7.899"/>
  <testcase classname="AutomationExcercise.Logintest" name="verifyExistingEmail" time="11.831"/>
  <testcase classname="AutomationExcercise.Logintest" name="verifyUserSignUp" time="15.736"/>
  <testcase classname="AutomationExcercise.Logintest" name="verifyLogin" time="8.384"/>
  <testcase classname="AutomationExcercise.Logintest" name="verifyDeleteAccount" time="18.210"/>
</testsuite> <!-- AutomationExcercise.Logintest -->
