<?xml version="1.0" encoding="UTF-8"?>
<!-- Generated by org.testng.reporters.JUnitXMLReporter -->
<testsuite ignored="1" hostname="LAPTOP-069GHPPB" failures="0" tests="1" name="Default test" time="21.767" errors="0" timestamp="2026-05-06T12:34:44 IST">
  <testcase classname="AutomationExcercise.Hometest" name="verifyTestCasesLink" time="16.358"/>
  <testcase classname="AutomationExcercise.Hometest" name="verifyProductLink" time="0.0">
    <ignored/>
  </testcase> <!-- verifyProductLink -->
</testsuite> <!-- Default test -->
