<?xml version="1.0" encoding="UTF-8"?>
<testng-results ignored="0" total="1" passed="1" failed="0" skipped="0">
  <reporter-output>
  </reporter-output>
  <suite started-at="2025-08-21T17:55:07 IST" name="Default suite" finished-at="2025-08-21T17:55:11 IST" duration-ms="3831">
    <groups>
    </groups>
    <test started-at="2025-08-21T17:55:07 IST" name="Default test" finished-at="2025-08-21T17:55:11 IST" duration-ms="3831">
      <class name="PHPAPI.FACEAPI.Basetest">
        <test-method signature="getWoodArticleDetails()[pri:0, instance:PHPAPI.FACEAPI.Basetest@4009e306]" started-at="2025-08-21T17:55:07 IST" name="getWoodArticleDetails" finished-at="2025-08-21T17:55:11 IST" duration-ms="3782" status="PASS">
          <reporter-output>
          </reporter-output>
        </test-method> <!-- getWoodArticleDetails -->
      </class> <!-- PHPAPI.FACEAPI.Basetest -->
    </test> <!-- Default test -->
  </suite> <!-- Default suite -->
</testng-results>
